build/app/outputs/mapping/release/seeds.txt
com.example.shopping.MainActivity: MainActivity()
com.example.shopping.MainActivity
...
com.google.android.gms.internal.measurement.zzcd$zzg: java.lang.String zzac
com.google.android.gms.internal.firebase-auth-api.zzel: com.google.android.gms.internal.firebase-auth-api.zzse zzf
com.google.firebase.auth.FirebaseAuthRegistrar: FirebaseAuthRegistrar()
com.google.android.gms.internal.firebase-auth-api.zzeh: int zzc
com.google.android.gms.internal.measurement.zzck$zzc
io.flutter.embedding.engine.FlutterJNI: void loadLibrary()
com.google.android.gms.measurement.AppMeasurement$ConditionalUserProperty: long mTriggeredTimestamp
com.google.android.gms.internal.measurement.zzbv$zzc: int zzc
com.google.android.gms.internal.firebase-auth-api.zzfr: com.google.android.gms.internal.firebase-auth-api.zzfr[] values()
com.google.android.gms.internal.measurement.zzck$zzd
io.flutter.embedding.engine.FlutterJNI: void nativeDispatchPointerDataPacket(long,java.nio.ByteBuffer,int)
com.google.android.gms.internal.firebase-auth-api.zzhk: com.google.android.gms.internal.firebase-auth-api.zzhk zze
com.google.android.gms.internal.firebase-auth-api.zzhc: int zzc
io.flutter.plugin.platform.SingleViewPresentation: io.flutter.plugin.platform.PlatformViewFactory viewFactory
io.flutter.view.AccessibilityBridge$Flag: io.flutter.view.AccessibilityBridge$Flag valueOf(java.lang.String)
io.flutter.plugin.editing.ImeSyncDeferringInsetsCallback: io.flutter.plugin.editing.ImeSyncDeferringInsetsCallback$AnimationCallback animationCallback
com.google.android.gms.internal.firebase-auth-api.zzlk: android.os.Parcelable$Creator CREATOR
com.google.android.gms.internal.firebase-auth-api.zzeh: com.google.android.gms.internal.firebase-auth-api.zzse zzg
com.google.android.gms.internal.measurement.zzcd$zzg: java.lang.String zzaj
io.flutter.plugin.editing.ImeSyncDeferringInsetsCallback: ImeSyncDeferringInsetsCallback(android.view.View,int,int)
io.flutter.embedding.engine.FlutterJNI: long nativeAttach(io.flutter.embedding.engine.FlutterJNI,boolean)
io.flutter.embedding.engine.FlutterJNI: void ensureAttachedToNative()
com.google.android.gms.measurement.internal.AppMeasurementDynamiteService: void onActivityStopped(com.google.android.gms.dynamic.IObjectWrapper,long)
com.google.firebase.analytics.FirebaseAnalytics
com.google.android.gms.measurement.internal.AppMeasurementDynamiteService: void setConditionalUserProperty(android.os.Bundle,long)
io.flutter.view.AccessibilityViewEmbedder: void copyAccessibilityFields(android.view.accessibility.AccessibilityNodeInfo,android.view.accessibility.AccessibilityNodeInfo)
com.google.firebase.installations.local.PersistedInstallation$RegistrationStatus: com.google.firebase.installations.local.PersistedInstallation$RegistrationStatus valueOf(java.lang.String)
com.google.android.gms.internal.measurement.zzcd$zzf: com.google.android.gms.internal.measurement.zzcd$zzf zzd
io.flutter.embedding.engine.FlutterOverlaySurface: android.view.Surface getSurface()
com.google.android.gms.internal.firebase-auth-api.zzin: com.google.android.gms.internal.firebase-auth-api.zzin[] values()
io.flutter.embedding.engine.renderer.SurfaceTextureWrapper: void getTransformMatrix(float[])
com.google.android.gms.internal.measurement.zzcd$zzg: java.lang.String zzo
com.google.android.gms.internal.firebase-auth-api.zzgz$zzb: com.google.android.gms.internal.firebase-auth-api.zzse zzh
com.google.android.gms.internal.firebase-auth-api.zzgr: com.google.android.gms.internal.firebase-auth-api.zzgr zzf
com.google.android.gms.measurement.internal.AppMeasurementDynamiteService: void setConsent(android.os.Bundle,long)
com.google.android.gms.internal.firebase-auth-api.zzgj
com.google.firebase.installations.FirebaseInstallationsException$Status: com.google.firebase.installations.FirebaseInstallationsException$Status[] values()
io.flutter.embedding.engine.FlutterJNI: void setRefreshRateFPS(float)
com.google.android.gms.internal.firebase-auth-api.zzgn: com.google.android.gms.internal.firebase-auth-api.zzgo zzc