build/app/outputs/mapping/release/usage.txt
com.example.shopping.R$mipmap
com.example.shopping.R$id
com.example.shopping.R
com.example.shopping.R$style
com.example.shopping.R$string
com.example.shopping.R$layout
com.example.shopping.R$styleable
com.example.shopping.BuildConfig
com.example.shopping.R$dimen
com.example.shopping.R$attr
com.example.shopping.R$integer
com.example.shopping.R$color
com.example.shopping.R$drawable
...
com.google.firebase.analytics.connector.AnalyticsConnectorImpl:
    final java.util.Map zza
com.google.android.gms.internal.firebase-auth-api.zznm:
    private java.lang.String zze
com.google.android.gms.measurement.internal.zzfi:
    private final java.lang.String zzb
com.google.android.gms.common.api.internal.BasePendingResult:
    private final java.lang.ref.WeakReference zadr
    private com.google.android.gms.common.internal.ICancelToken zadz
com.google.android.gms.internal.measurement.zzcd$zzd:
    private final void zza(java.lang.String)
    private final void zza(long)
    public static com.google.android.gms.internal.measurement.zzcd$zzd$zza zza()
    static synthetic void zza(com.google.android.gms.internal.measurement.zzcd$zzd,java.lang.String)
    static synthetic void zza(com.google.android.gms.internal.measurement.zzcd$zzd,long)
com.google.android.gms.internal.firebase-auth-api.zzcm:
    private final synthetic com.google.android.gms.internal.firebase-auth-api.zzck zza
com.google.android.gms.internal.measurement.zzc:
    private static com.google.android.gms.internal.measurement.zze zza
com.google.firebase.auth.api.internal.zzfq:
    private boolean zza
    private com.google.android.gms.common.api.Status zzy
com.google.android.gms.internal.firebase-auth-api.zzop:
    private java.lang.String zze
com.google.android.gms.internal.measurement.zzgb:
    private static final int zzb
androidx.core.app.NotificationCompatJellybean:
    private static final java.lang.Object sActionsLock
com.google.android.gms.internal.firebase-auth-api.zzed:
    private final synthetic com.google.android.gms.internal.firebase-auth-api.zzeb zza
com.google.android.gms.internal.measurement.zzfo:
    private final transient int zzc
androidx.collection.ContainerHelpers:
    static final long[] EMPTY_LONGS
com.google.android.gms.internal.measurement.zzga:
    private static final java.lang.Throwable[] zza
com.google.firebase.auth.internal.zzm:
    private final java.lang.String zzb
    private final java.lang.String zzc
kotlin.KotlinVersion$Companion
com.google.android.gms.common.internal.ClientSettings:
    private final int zaoi
    private final android.view.View zaoj
    private final boolean zaon
com.google.android.gms.measurement.internal.zzfq
com.google.android.gms.internal.measurement.zze
androidx.arch.core.executor.ArchTaskExecutor:
    public void executeOnDiskIO(java.lang.Runnable)
    public void postToMainThread(java.lang.Runnable)
    private static final java.util.concurrent.Executor sMainThreadExecutor
    private static final java.util.concurrent.Executor sIOThreadExecutor
com.google.android.gms.common.api.Api$zab
com.google.android.gms.ads.identifier.zzc
com.google.firebase.installations.local.PersistedInstallationEntry:
    public static com.google.firebase.installations.local.PersistedInstallationEntry INSTANCE
io.flutter.embedding.android.DrawableSplashScreen$1:
    final synthetic io.flutter.embedding.android.DrawableSplashScreen this$0
com.google.android.gms.measurement.internal.zzen:
    private java.lang.String zze
com.google.android.gms.internal.base.zar:
    private static volatile com.google.android.gms.internal.base.zaq zasi
com.google.android.gms.internal.firebase-auth-api.zzip:
    private static final com.google.android.gms.internal.firebase-auth-api.zzip zzh
    private static final com.google.android.gms.internal.firebase-auth-api.zzip zzi
com.google.android.gms.common.api.ApiException:
    protected final com.google.android.gms.common.api.Status mStatus
androidx.multidex.MultiDexExtractor$1:
    final synthetic androidx.multidex.MultiDexExtractor this$0
androidx.loader.app.LoaderManagerImpl$LoaderViewModel:
    private boolean mCreatingLoader
com.google.android.gms.internal.measurement.zzlp:
    private static final synthetic int[] zzc